2025-06-08 14:49:09.194 [http-nio-8080-exec-1] WARN  org.springframework.web.servlet.PageNotFound - No mapping for GET /img/1697436716646531073.jpeg
2025-06-08 14:49:15.226 [http-nio-8080-exec-11] WARN  org.springframework.web.servlet.PageNotFound - No mapping for GET /img/1748539445685%E5%A4%B4%E5%83%8F.jpg
2025-06-08 14:49:26.976 [http-nio-8080-exec-31] WARN  org.springframework.web.servlet.PageNotFound - No mapping for GET /img/1749365366956111.png
2025-06-08 14:49:30.163 [http-nio-8080-exec-4] WARN  org.springframework.web.servlet.PageNotFound - No mapping for GET /img/1749365366956111.png
2025-06-08 14:50:30.642 [http-nio-8080-exec-44] WARN  org.springframework.web.servlet.PageNotFound - No mapping for GET /img/1749365366956111.png
2025-06-08 14:51:10.807 [http-nio-8080-exec-6] WARN  org.springframework.web.servlet.PageNotFound - No mapping for GET /img/1749365366956111.png
2025-06-08 14:51:11.006 [http-nio-8080-exec-28] WARN  org.springframework.web.servlet.PageNotFound - No mapping for GET /hybridaction/zybTrackerStatisticsAction
2025-06-08 14:51:11.013 [http-nio-8080-exec-72] WARN  org.springframework.web.servlet.PageNotFound - No mapping for GET /hybridaction/zybTrackerStatisticsAction
2025-06-08 14:51:11.953 [http-nio-8080-exec-49] WARN  org.springframework.web.servlet.PageNotFound - No mapping for GET /favicon.ico
2025-06-08 14:51:26.890 [http-nio-8080-exec-54] WARN  org.springframework.web.servlet.PageNotFound - No mapping for GET /img/1749365366956111.png
2025-06-08 14:54:28.060 [http-nio-8080-exec-84] WARN  org.springframework.web.servlet.PageNotFound - No mapping for GET /img/1749365366956111.png
2025-06-08 14:54:28.176 [http-nio-8080-exec-85] WARN  org.springframework.web.servlet.PageNotFound - No mapping for GET /hybridaction/zybTrackerStatisticsAction
2025-06-08 14:54:28.180 [http-nio-8080-exec-61] WARN  org.springframework.web.servlet.PageNotFound - No mapping for GET /hybridaction/zybTrackerStatisticsAction
2025-06-08 14:54:28.557 [http-nio-8080-exec-62] WARN  org.springframework.web.servlet.PageNotFound - No mapping for GET /favicon.ico
2025-06-08 14:58:19.044 [http-nio-8080-exec-28] WARN  org.springframework.web.servlet.PageNotFound - No mapping for GET /img/1749365366956111.png
2025-06-08 15:12:31.125 [http-nio-8080-exec-2] WARN  org.springframework.web.servlet.PageNotFound - No mapping for GET /img/1749365366956111.png
2025-06-08 15:13:40.117 [http-nio-8080-exec-2] WARN  org.springframework.web.servlet.PageNotFound - No mapping for GET /img/1749365366956111.png
2025-06-08 15:22:33.072 [http-nio-8080-exec-5] WARN  org.springframework.web.servlet.PageNotFound - No mapping for GET /img/1749365366956111.png
2025-06-08 15:23:14.599 [http-nio-8080-exec-9] WARN  org.springframework.web.servlet.PageNotFound - No mapping for GET /img/1749365366956111.png
2025-06-08 15:23:14.804 [http-nio-8080-exec-6] WARN  org.springframework.web.servlet.PageNotFound - No mapping for GET /hybridaction/zybTrackerStatisticsAction
2025-06-08 15:23:14.808 [http-nio-8080-exec-4] WARN  org.springframework.web.servlet.PageNotFound - No mapping for GET /hybridaction/zybTrackerStatisticsAction
2025-06-08 15:25:25.218 [http-nio-8080-exec-12] WARN  org.springframework.web.servlet.PageNotFound - No mapping for GET /img/1749365366956111.png
2025-06-08 15:29:08.713 [http-nio-8080-exec-32] WARN  org.springframework.web.servlet.PageNotFound - No mapping for GET /img/1749365366956111.png
2025-06-08 15:29:08.953 [http-nio-8080-exec-10] WARN  org.springframework.web.servlet.PageNotFound - No mapping for GET /hybridaction/zybTrackerStatisticsAction
2025-06-08 15:29:08.960 [http-nio-8080-exec-34] WARN  org.springframework.web.servlet.PageNotFound - No mapping for GET /hybridaction/zybTrackerStatisticsAction
2025-06-08 15:31:10.764 [http-nio-8080-exec-2] WARN  org.springframework.web.servlet.PageNotFound - No mapping for GET /hybridaction/zybTrackerStatisticsAction
2025-06-08 15:31:10.768 [http-nio-8080-exec-6] WARN  org.springframework.web.servlet.PageNotFound - No mapping for GET /hybridaction/zybTrackerStatisticsAction
