2025-03-29 17:04:54.345 [restartedMain] INFO  com.shanzhu.tourism.BackendApplication - Starting BackendApplication using Java 11 on LAPTOP-451C5EJF with PID 29500 (E:\课程设计\旅游推荐系统1\tourism-backend\target\classes started by J in E:\课程设计\旅游推荐系统1\tourism-backend)
2025-03-29 17:04:54.349 [restartedMain] INFO  com.shanzhu.tourism.BackendApplication - The following profiles are active: dev
2025-03-29 17:04:54.389 [restartedMain] INFO  o.s.b.d.env.DevToolsPropertyDefaultsPostProcessor - Devtools property defaults active! Set 'spring.devtools.add-properties' to 'false' to disable
2025-03-29 17:04:54.390 [restartedMain] INFO  o.s.b.d.env.DevToolsPropertyDefaultsPostProcessor - For additional web related logging consider setting the 'logging.level.web' property to 'DEBUG'
2025-03-29 17:04:54.930 [restartedMain] INFO  o.s.d.r.config.RepositoryConfigurationDelegate - Multiple Spring Data modules found, entering strict repository configuration mode!
2025-03-29 17:04:54.932 [restartedMain] INFO  o.s.d.r.config.RepositoryConfigurationDelegate - Bootstrapping Spring Data Redis repositories in DEFAULT mode.
2025-03-29 17:04:54.968 [restartedMain] INFO  o.s.d.r.config.RepositoryConfigurationDelegate - Finished Spring Data repository scanning in 26 ms. Found 0 Redis repository interfaces.
2025-03-29 17:04:55.411 [restartedMain] INFO  o.s.boot.web.embedded.tomcat.TomcatWebServer - Tomcat initialized with port(s): 8080 (http)
2025-03-29 17:04:55.418 [restartedMain] INFO  org.apache.coyote.http11.Http11NioProtocol - Initializing ProtocolHandler ["http-nio-8080"]
2025-03-29 17:04:55.418 [restartedMain] INFO  org.apache.catalina.core.StandardService - Starting service [Tomcat]
2025-03-29 17:04:55.419 [restartedMain] INFO  org.apache.catalina.core.StandardEngine - Starting Servlet engine: [Apache Tomcat/9.0.41]
2025-03-29 17:04:55.490 [restartedMain] INFO  o.a.c.core.ContainerBase.[Tomcat].[localhost].[/] - Initializing Spring embedded WebApplicationContext
2025-03-29 17:04:55.490 [restartedMain] INFO  o.s.b.w.s.c.ServletWebServerApplicationContext - Root WebApplicationContext: initialization completed in 1099 ms
2025-03-29 17:04:55.766 [restartedMain] INFO  c.a.d.s.b.a.DruidDataSourceAutoConfigure - Init DruidDataSource
2025-03-29 17:04:56.248 [restartedMain] INFO  com.alibaba.druid.pool.DruidDataSource - {dataSource-1} inited
2025-03-29 17:04:57.885 [restartedMain] INFO  o.s.scheduling.concurrent.ThreadPoolTaskExecutor - Initializing ExecutorService 'applicationTaskExecutor'
2025-03-29 17:04:58.087 [restartedMain] INFO  o.s.b.d.autoconfigure.OptionalLiveReloadServer - LiveReload server is running on port 35729
2025-03-29 17:04:58.116 [restartedMain] INFO  org.apache.coyote.http11.Http11NioProtocol - Starting ProtocolHandler ["http-nio-8080"]
2025-03-29 17:04:58.137 [restartedMain] INFO  o.s.boot.web.embedded.tomcat.TomcatWebServer - Tomcat started on port(s): 8080 (http) with context path ''
2025-03-29 17:04:58.147 [restartedMain] INFO  com.shanzhu.tourism.BackendApplication - Started BackendApplication in 4.224 seconds (JVM running for 5.482)
2025-03-29 17:04:58.149 [restartedMain] INFO  com.shanzhu.tourism.BackendApplication - =====================项目后端启动成功============================
2025-03-29 17:06:04.284 [http-nio-8080-exec-3] INFO  o.a.c.core.ContainerBase.[Tomcat].[localhost].[/] - Initializing Spring DispatcherServlet 'dispatcherServlet'
2025-03-29 17:06:04.285 [http-nio-8080-exec-3] INFO  org.springframework.web.servlet.DispatcherServlet - Initializing Servlet 'dispatcherServlet'
2025-03-29 17:06:04.286 [http-nio-8080-exec-3] INFO  org.springframework.web.servlet.DispatcherServlet - Completed initialization in 0 ms
2025-03-29 17:06:05.934 [http-nio-8080-exec-7] INFO  c.s.tourism.service.impl.SysAttractionsServiceImpl - --------------------List<RelateDTO>为空！
2025-03-29 17:25:11.975 [SpringContextShutdownHook] INFO  o.s.scheduling.concurrent.ThreadPoolTaskExecutor - Shutting down ExecutorService 'applicationTaskExecutor'
2025-03-29 17:25:11.976 [SpringContextShutdownHook] INFO  com.alibaba.druid.pool.DruidDataSource - {dataSource-1} closing ...
2025-03-29 17:25:11.977 [SpringContextShutdownHook] INFO  com.alibaba.druid.pool.DruidDataSource - {dataSource-1} closed
