2025-03-27 15:48:05.968 [restartedMain] INFO  com.shanzhu.tourism.BackendApplication - Starting BackendApplication using Java 11 on LAPTOP-451C5EJF with PID 11040 (E:\课程设计\旅游推荐系统1\tourism-backend\target\classes started by J in E:\课程设计\旅游推荐系统1\tourism-backend)
2025-03-27 15:48:05.973 [restartedMain] INFO  com.shanzhu.tourism.BackendApplication - The following profiles are active: dev
2025-03-27 15:48:06.008 [restartedMain] INFO  o.s.b.d.env.DevToolsPropertyDefaultsPostProcessor - Devtools property defaults active! Set 'spring.devtools.add-properties' to 'false' to disable
2025-03-27 15:48:06.008 [restartedMain] INFO  o.s.b.d.env.DevToolsPropertyDefaultsPostProcessor - For additional web related logging consider setting the 'logging.level.web' property to 'DEBUG'
2025-03-27 15:48:06.559 [restartedMain] INFO  o.s.d.r.config.RepositoryConfigurationDelegate - Multiple Spring Data modules found, entering strict repository configuration mode!
2025-03-27 15:48:06.561 [restartedMain] INFO  o.s.d.r.config.RepositoryConfigurationDelegate - Bootstrapping Spring Data Redis repositories in DEFAULT mode.
2025-03-27 15:48:06.598 [restartedMain] INFO  o.s.d.r.config.RepositoryConfigurationDelegate - Finished Spring Data repository scanning in 27 ms. Found 0 Redis repository interfaces.
2025-03-27 15:48:07.053 [restartedMain] INFO  o.s.boot.web.embedded.tomcat.TomcatWebServer - Tomcat initialized with port(s): 8080 (http)
2025-03-27 15:48:07.060 [restartedMain] INFO  org.apache.coyote.http11.Http11NioProtocol - Initializing ProtocolHandler ["http-nio-8080"]
2025-03-27 15:48:07.060 [restartedMain] INFO  org.apache.catalina.core.StandardService - Starting service [Tomcat]
2025-03-27 15:48:07.061 [restartedMain] INFO  org.apache.catalina.core.StandardEngine - Starting Servlet engine: [Apache Tomcat/9.0.41]
2025-03-27 15:48:07.129 [restartedMain] INFO  o.a.c.core.ContainerBase.[Tomcat].[localhost].[/] - Initializing Spring embedded WebApplicationContext
2025-03-27 15:48:07.129 [restartedMain] INFO  o.s.b.w.s.c.ServletWebServerApplicationContext - Root WebApplicationContext: initialization completed in 1120 ms
2025-03-27 15:48:07.364 [restartedMain] INFO  c.a.d.s.b.a.DruidDataSourceAutoConfigure - Init DruidDataSource
2025-03-27 15:48:07.919 [restartedMain] INFO  com.alibaba.druid.pool.DruidDataSource - {dataSource-1} inited
2025-03-27 15:48:09.560 [restartedMain] INFO  o.s.scheduling.concurrent.ThreadPoolTaskExecutor - Initializing ExecutorService 'applicationTaskExecutor'
2025-03-27 15:48:09.753 [restartedMain] INFO  o.s.b.d.autoconfigure.OptionalLiveReloadServer - LiveReload server is running on port 35729
2025-03-27 15:48:09.779 [restartedMain] INFO  org.apache.coyote.http11.Http11NioProtocol - Starting ProtocolHandler ["http-nio-8080"]
2025-03-27 15:48:09.800 [restartedMain] INFO  o.s.boot.web.embedded.tomcat.TomcatWebServer - Tomcat started on port(s): 8080 (http) with context path ''
2025-03-27 15:48:09.808 [restartedMain] INFO  com.shanzhu.tourism.BackendApplication - Started BackendApplication in 4.288 seconds (JVM running for 5.661)
2025-03-27 15:48:09.810 [restartedMain] INFO  com.shanzhu.tourism.BackendApplication - =====================项目后端启动成功============================
2025-03-27 15:48:50.696 [http-nio-8080-exec-1] INFO  o.a.c.core.ContainerBase.[Tomcat].[localhost].[/] - Initializing Spring DispatcherServlet 'dispatcherServlet'
2025-03-27 15:48:50.697 [http-nio-8080-exec-1] INFO  org.springframework.web.servlet.DispatcherServlet - Initializing Servlet 'dispatcherServlet'
2025-03-27 15:48:50.698 [http-nio-8080-exec-1] INFO  org.springframework.web.servlet.DispatcherServlet - Completed initialization in 1 ms
2025-03-27 15:48:54.583 [http-nio-8080-exec-40] INFO  c.s.tourism.service.impl.SysAttractionsServiceImpl - --------------------List<RelateDTO>为空！
2025-03-27 15:49:35.008 [http-nio-8080-exec-66] INFO  c.s.tourism.service.impl.SysAttractionsServiceImpl - --------------------List<RelateDTO>为空！
2025-03-27 16:02:11.634 [http-nio-8080-exec-7] INFO  com.shanzhu.tourism.handle.MyMetaObjectHandler - 公共字段自动填充[insert]...
2025-03-27 16:31:23.884 [http-nio-8080-exec-51] INFO  com.shanzhu.tourism.handle.MyMetaObjectHandler - 公共字段自动填充[update]...
